0 info it worked if it ends with ok
1 verbose cli [ '/usr/local/Cellar/node/5.1.0/bin/node',
1 verbose cli   '/usr/local/bin/npm',
1 verbose cli   'run',
1 verbose cli   'minor' ]
2 info using npm@3.5.2
3 info using node@v5.1.0
4 verbose run-script [ 'preminor', 'minor', 'postminor' ]
5 info lifecycle sedata@0.9.11~preminor: sedata@0.9.11
6 silly lifecycle sedata@0.9.11~preminor: no script for preminor, continuing
7 info lifecycle sedata@0.9.11~minor: sedata@0.9.11
8 verbose lifecycle sedata@0.9.11~minor: unsafe-perm in lifecycle true
9 verbose lifecycle sedata@0.9.11~minor: PATH: /usr/local/lib/node_modules/npm/bin/node-gyp-bin:/Users/jk/gits/hub/mynpm/sedata/node_modules/.bin:/Users/jk/anaconda/bin:/usr/local/bin:/usr/bin:/bin:/usr/sbin:/sbin
10 verbose lifecycle sedata@0.9.11~minor: CWD: /Users/jk/gits/hub/mynpm/sedata
11 silly lifecycle sedata@0.9.11~minor: Args: [ '-c', 'npm-run-all gitcommit vminor pub' ]
12 silly lifecycle sedata@0.9.11~minor: Returned: code: 1  signal: null
13 info lifecycle sedata@0.9.11~minor: Failed to exec minor script
14 verbose stack Error: sedata@0.9.11 minor: `npm-run-all gitcommit vminor pub`
14 verbose stack Exit status 1
14 verbose stack     at EventEmitter.<anonymous> (/usr/local/lib/node_modules/npm/lib/utils/lifecycle.js:232:16)
14 verbose stack     at emitTwo (events.js:87:13)
14 verbose stack     at EventEmitter.emit (events.js:172:7)
14 verbose stack     at ChildProcess.<anonymous> (/usr/local/lib/node_modules/npm/lib/utils/spawn.js:24:14)
14 verbose stack     at emitTwo (events.js:87:13)
14 verbose stack     at ChildProcess.emit (events.js:172:7)
14 verbose stack     at maybeClose (internal/child_process.js:818:16)
14 verbose stack     at Process.ChildProcess._handle.onexit (internal/child_process.js:211:5)
15 verbose pkgid sedata@0.9.11
16 verbose cwd /Users/jk/gits/hub/mynpm/sedata
17 error Darwin 15.4.0
18 error argv "/usr/local/Cellar/node/5.1.0/bin/node" "/usr/local/bin/npm" "run" "minor"
19 error node v5.1.0
20 error npm  v3.5.2
21 error code ELIFECYCLE
22 error sedata@0.9.11 minor: `npm-run-all gitcommit vminor pub`
22 error Exit status 1
23 error Failed at the sedata@0.9.11 minor script 'npm-run-all gitcommit vminor pub'.
23 error Make sure you have the latest version of node.js and npm installed.
23 error If you do, this is most likely a problem with the sedata package,
23 error not with npm itself.
23 error Tell the author that this fails on your system:
23 error     npm-run-all gitcommit vminor pub
23 error You can get information on how to open an issue for this project with:
23 error     npm bugs sedata
23 error Or if that isn't available, you can get their info via:
23 error     npm owner ls sedata
23 error There is likely additional logging output above.
24 verbose exit [ 1, true ]
